{
  "stats": {
    "suites": 3,
    "tests": 13,
    "passes": 12,
    "pending": 0,
    "failures": 1,
    "start": "2020-12-11T11:25:18.221Z",
    "end": "2020-12-11T11:25:18.461Z",
    "duration": 240,
    "testsRegistered": 13,
    "passPercent": 92.3076923076923,
    "pendingPercent": 0,
    "other": 0,
    "hasOther": false,
    "skipped": 0,
    "hasSkipped": false
  },
  "results": [
    {
      "uuid": "7d6b0791-a1f2-4ab8-8edd-8b89401e863d",
      "title": "",
      "fullFile": "",
      "file": "",
      "beforeHooks": [],
      "afterHooks": [],
      "tests": [],
      "suites": [
        {
          "uuid": "f1028af1-ddfb-410c-86f4-62e8ed529447",
          "title": "Testing Server",
          "fullFile": "C:\\Users\\hites\\Documents\\NewtonOfficial\\Nodejs\\player-ranking\\codechef-ranking-express-Solution\\__tests__\\test1.test.js",
          "file": "\\__tests__\\test1.test.js",
          "beforeHooks": [],
          "afterHooks": [],
          "tests": [
            {
              "title": "Server should return status code 200 when request is hit at localhost:8080/topRankings",
              "fullTitle": "Testing Server Server should return status code 200 when request is hit at localhost:8080/topRankings",
              "timedOut": false,
              "duration": 50,
              "state": "passed",
              "speed": "medium",
              "pass": true,
              "fail": false,
              "pending": false,
              "context": null,
              "code": "await chai.request('http://localhost:8080').get('/topRankings').then(e => {\n    expect(e.status).to.eq(200)\n})",
              "err": {},
              "uuid": "94e68e4f-d171-42cf-b41a-e1ddaa18a4d4",
              "parentUUID": "f1028af1-ddfb-410c-86f4-62e8ed529447",
              "isHook": false,
              "skipped": false
            },
            {
              "title": "Server should return status code 404 when request is hit at invalid endpoint",
              "fullTitle": "Testing Server Server should return status code 404 when request is hit at invalid endpoint",
              "timedOut": false,
              "duration": 4,
              "state": "failed",
              "speed": null,
              "pass": false,
              "fail": true,
              "pending": false,
              "context": null,
              "code": "await chai.request('http://localhost:8080').get('/topRankings2').then(e => {\n    expect(e.status).to.eq(404)\n})\nawait chai.request('http://localhost:8080').get('/xyz').then(e => {\n    expect(e.status).to.eq(404)\n})\nawait chai.request('http://localhost:8080').get('/newTrends').then(e => {\n    expect(e.status).to.eq(404)\n})",
              "err": {
                "message": "AssertionError: expected 400 to equal 404",
                "estack": "AssertionError: expected 400 to equal 404\n    at C:\\Users\\hites\\Documents\\NewtonOfficial\\Nodejs\\player-ranking\\codechef-ranking-express-Solution\\__tests__\\test1.test.js:19:33\n    at processTicksAndRejections (internal/process/task_queues.js:97:5)\n    at async Context.<anonymous> (__tests__\\test1.test.js:18:9)",
                "diff": "- 400\n+ 404\n"
              },
              "uuid": "30695225-70a5-43d3-877f-1b87d9a9ef77",
              "parentUUID": "f1028af1-ddfb-410c-86f4-62e8ed529447",
              "isHook": false,
              "skipped": false
            }
          ],
          "suites": [],
          "passes": [
            "94e68e4f-d171-42cf-b41a-e1ddaa18a4d4"
          ],
          "failures": [
            "30695225-70a5-43d3-877f-1b87d9a9ef77"
          ],
          "pending": [],
          "skipped": [],
          "duration": 54,
          "root": false,
          "rootEmpty": false,
          "_timeout": 60000
        },
        {
          "uuid": "ed9f9e1e-0662-429c-b3d7-58538280c612",
          "title": "Testing response of the server when no parameters are passed ",
          "fullFile": "C:\\Users\\hites\\Documents\\NewtonOfficial\\Nodejs\\player-ranking\\codechef-ranking-express-Solution\\__tests__\\test1.test.js",
          "file": "\\__tests__\\test1.test.js",
          "beforeHooks": [],
          "afterHooks": [],
          "tests": [
            {
              "title": "Server should return the data in the form of array of top ranker's details.",
              "fullTitle": "Testing response of the server when no parameters are passed  Server should return the data in the form of array of top ranker's details.",
              "timedOut": false,
              "duration": 4,
              "state": "passed",
              "speed": "fast",
              "pass": true,
              "fail": false,
              "pending": false,
              "context": null,
              "code": "await chai.request('http://localhost:8080').get('/topRankings').then(e => {\n    expect(typeof (e.body)).to.eq(typeof ([]))\n})",
              "err": {},
              "uuid": "13d816b8-c067-4e29-ac7c-fe67efe878bd",
              "parentUUID": "ed9f9e1e-0662-429c-b3d7-58538280c612",
              "isHook": false,
              "skipped": false
            },
            {
              "title": "Server should return the data in the form of array of length 20 ",
              "fullTitle": "Testing response of the server when no parameters are passed  Server should return the data in the form of array of length 20 ",
              "timedOut": false,
              "duration": 5,
              "state": "passed",
              "speed": "fast",
              "pass": true,
              "fail": false,
              "pending": false,
              "context": null,
              "code": "await chai.request('http://localhost:8080').get('/topRankings').then(e => {\n    expect(e.body.length).to.eq(20)\n})",
              "err": {},
              "uuid": "fd83f751-c1e2-43d0-b4fe-18187fe2bd14",
              "parentUUID": "ed9f9e1e-0662-429c-b3d7-58538280c612",
              "isHook": false,
              "skipped": false
            },
            {
              "title": "Server response should match the  first 20 records of data exported from data.js when hitting GET /topRankings ",
              "fullTitle": "Testing response of the server when no parameters are passed  Server response should match the  first 20 records of data exported from data.js when hitting GET /topRankings ",
              "timedOut": false,
              "duration": 6,
              "state": "passed",
              "speed": "fast",
              "pass": true,
              "fail": false,
              "pending": false,
              "context": null,
              "code": "await chai.request('http://localhost:8080').get('/topRankings').then(e => {\n    expect(e.body[0]).to.deep.equals({ \"name\": \"Gennady Korotkevich\", \"username\": \"gennady.korotkevich\", \"global_rank\": 1, \"country_rank\": 1, \"rating\": 3923, \"diff\": 0, \"country_code\": \"BY\", \"country\": \"Belarus\", \"institution\": \"Saint Petersburg National Research University of Information Technologies, Mechanics and Optics\", \"institution_type\": \"College\", \"all_rating\": \"3923\", \"user_gender\": \"Male\" },\n    )\n\n    expect(e.body[9]).to.deep.equals({ \"name\": \"BaekI Hwang\", \"username\": \"kut_hbi1998\", \"global_rank\": 10, \"country_rank\": 4, \"rating\": 2894, \"diff\": 0, \"country_code\": \"KP\", \"country\": \"North Korea\", \"institution\": \"Kim Chaek University of Technology\", \"institution_type\": \"College\", \"all_rating\": \"2894\", \"user_gender\": \"Male\" },\n    )\n})",
              "err": {},
              "uuid": "a9c563c8-5685-42b5-8dce-5318dfa80f4e",
              "parentUUID": "ed9f9e1e-0662-429c-b3d7-58538280c612",
              "isHook": false,
              "skipped": false
            },
            {
              "title": "Server should return the same structure of each record as given in the data.js file.",
              "fullTitle": "Testing response of the server when no parameters are passed  Server should return the same structure of each record as given in the data.js file.",
              "timedOut": false,
              "duration": 6,
              "state": "passed",
              "speed": "fast",
              "pass": true,
              "fail": false,
              "pending": false,
              "context": null,
              "code": "await chai.request('http://localhost:8080').get('/topRankings').then(e => {\n    expect(e.body[0]).to.have.keys(\n        Object.keys({ \"name\": \"Gennady Korotkevich\", \"username\": \"gennady.korotkevich\", \"global_rank\": 1, \"country_rank\": 1, \"rating\": 3923, \"diff\": 0, \"country_code\": \"BY\", \"country\": \"Belarus\", \"institution\": \"Saint Petersburg National Research University of Information Technologies, Mechanics and Optics\", \"institution_type\": \"College\", \"all_rating\": \"3923\", \"user_gender\": \"Male\" },\n        ))\n})",
              "err": {},
              "uuid": "146f8a8f-70bb-4d80-8f67-78f1cd1e20b3",
              "parentUUID": "ed9f9e1e-0662-429c-b3d7-58538280c612",
              "isHook": false,
              "skipped": false
            }
          ],
          "suites": [],
          "passes": [
            "13d816b8-c067-4e29-ac7c-fe67efe878bd",
            "fd83f751-c1e2-43d0-b4fe-18187fe2bd14",
            "a9c563c8-5685-42b5-8dce-5318dfa80f4e",
            "146f8a8f-70bb-4d80-8f67-78f1cd1e20b3"
          ],
          "failures": [],
          "pending": [],
          "skipped": [],
          "duration": 21,
          "root": false,
          "rootEmpty": false,
          "_timeout": 60000
        },
        {
          "uuid": "c61ccf60-a8c0-4a54-9976-8d11fa475301",
          "title": "Testing response of the server when either or both parameters are passed ",
          "fullFile": "C:\\Users\\hites\\Documents\\NewtonOfficial\\Nodejs\\player-ranking\\codechef-ranking-express-Solution\\__tests__\\test1.test.js",
          "file": "\\__tests__\\test1.test.js",
          "beforeHooks": [],
          "afterHooks": [],
          "tests": [
            {
              "title": "Server should return the data in the form of an array of top ranker's details",
              "fullTitle": "Testing response of the server when either or both parameters are passed  Server should return the data in the form of an array of top ranker's details",
              "timedOut": false,
              "duration": 6,
              "state": "passed",
              "speed": "fast",
              "pass": true,
              "fail": false,
              "pending": false,
              "context": null,
              "code": "await chai.request('http://localhost:8080').get('/topRankings?limit=10&offset=10').then(e => {\n            expect(typeof (e.body)).to.eq(typeof ([]))\n        })",
              "err": {},
              "uuid": "766c12b9-3440-4453-b08a-dce59bccdccf",
              "parentUUID": "c61ccf60-a8c0-4a54-9976-8d11fa475301",
              "isHook": false,
              "skipped": false
            },
            {
              "title": "Server should return the data in the form of array of length defined by parameter 'limit' ",
              "fullTitle": "Testing response of the server when either or both parameters are passed  Server should return the data in the form of array of length defined by parameter 'limit' ",
              "timedOut": false,
              "duration": 5,
              "state": "passed",
              "speed": "fast",
              "pass": true,
              "fail": false,
              "pending": false,
              "context": null,
              "code": "await chai.request('http://localhost:8080').get('/topRankings?limit=15').then(e => {\n    expect(e.body.length).to.eq(15)\n})",
              "err": {},
              "uuid": "ca8eaab5-7cb6-4c46-9c0b-e25a35b22f9c",
              "parentUUID": "c61ccf60-a8c0-4a54-9976-8d11fa475301",
              "isHook": false,
              "skipped": false
            },
            {
              "title": "Data returned by the server should be accurate when limit and offset both are defined  ",
              "fullTitle": "Testing response of the server when either or both parameters are passed  Data returned by the server should be accurate when limit and offset both are defined  ",
              "timedOut": false,
              "duration": 4,
              "state": "passed",
              "speed": "fast",
              "pass": true,
              "fail": false,
              "pending": false,
              "context": null,
              "code": "await chai.request('http://localhost:8080').get('/topRankings?limit=5&offset=7').then(e => {\n    expect(e.body).to.deep.equals([\n        { \"name\": \"Alex Danilyuk\", \"username\": \"um_nik\", \"global_rank\": 8, \"country_rank\": 1, \"rating\": 2929, \"diff\": 0, \"country_code\": \"RU\", \"country\": \"Russia\", \"institution\": \"Ural Federal University\", \"institution_type\": \"College\", \"all_rating\": \"2929\", \"user_gender\": \"Male\" },\n        { \"name\": \"William Lin\", \"username\": \"tmwilliamlin\", \"global_rank\": 9, \"country_rank\": 1, \"rating\": 2916, \"diff\": 0, \"country_code\": \"TW\", \"country\": \"Taiwan\", \"institution\": \"Taipei American School, Taipei\", \"institution_type\": \"School\", \"all_rating\": \"2916\", \"user_gender\": \"Male\" },\n        { \"name\": \"BaekI Hwang\", \"username\": \"kut_hbi1998\", \"global_rank\": 10, \"country_rank\": 4, \"rating\": 2894, \"diff\": 0, \"country_code\": \"KP\", \"country\": \"North Korea\", \"institution\": \"Kim Chaek University of Technology\", \"institution_type\": \"College\", \"all_rating\": \"2894\", \"user_gender\": \"Male\" },\n        { \"name\": \"Mugurel-Ionut Andreica\", \"username\": \"mugurelionut\", \"global_rank\": 11, \"country_rank\": 1, \"rating\": 2892, \"diff\": 0, \"country_code\": \"RO\", \"country\": \"Romania\", \"institution\": \"Google Switzerland\", \"institution_type\": \"Organization\", \"all_rating\": \"2892\", \"user_gender\": \"Male\" },\n        { \"name\": \"Kim Song Bok\", \"username\": \"rns5\", \"global_rank\": 12, \"country_rank\": 5, \"rating\": 2879, \"diff\": 0, \"country_code\": \"KP\", \"country\": \"North Korea\", \"institution\": \"Kim Il-sung University\", \"institution_type\": \"College\", \"all_rating\": \"2879\", \"user_gender\": \"Male\" }\n    ])\n})",
              "err": {},
              "uuid": "d5018da9-9896-48f1-8d3a-954cd72cbbb2",
              "parentUUID": "c61ccf60-a8c0-4a54-9976-8d11fa475301",
              "isHook": false,
              "skipped": false
            },
            {
              "title": "When some invalid value is passed for limit then the returned data should be according to the offset (0 when offset is not defined) and 20 records should be returned",
              "fullTitle": "Testing response of the server when either or both parameters are passed  When some invalid value is passed for limit then the returned data should be according to the offset (0 when offset is not defined) and 20 records should be returned",
              "timedOut": false,
              "duration": 6,
              "state": "passed",
              "speed": "fast",
              "pass": true,
              "fail": false,
              "pending": false,
              "context": null,
              "code": "await chai.request('http://localhost:8080').get('/topRankings?limit=4821jkg&offset=7').then(e => {\n    expect(e.body).to.deep.equals([\n        { \"name\": \"Alex Danilyuk\", \"username\": \"um_nik\", \"global_rank\": 8, \"country_rank\": 1, \"rating\": 2929, \"diff\": 0, \"country_code\": \"RU\", \"country\": \"Russia\", \"institution\": \"Ural Federal University\", \"institution_type\": \"College\", \"all_rating\": \"2929\", \"user_gender\": \"Male\" },\n        { \"name\": \"William Lin\", \"username\": \"tmwilliamlin\", \"global_rank\": 9, \"country_rank\": 1, \"rating\": 2916, \"diff\": 0, \"country_code\": \"TW\", \"country\": \"Taiwan\", \"institution\": \"Taipei American School, Taipei\", \"institution_type\": \"School\", \"all_rating\": \"2916\", \"user_gender\": \"Male\" },\n        { \"name\": \"BaekI Hwang\", \"username\": \"kut_hbi1998\", \"global_rank\": 10, \"country_rank\": 4, \"rating\": 2894, \"diff\": 0, \"country_code\": \"KP\", \"country\": \"North Korea\", \"institution\": \"Kim Chaek University of Technology\", \"institution_type\": \"College\", \"all_rating\": \"2894\", \"user_gender\": \"Male\" },\n        { \"name\": \"Mugurel-Ionut Andreica\", \"username\": \"mugurelionut\", \"global_rank\": 11, \"country_rank\": 1, \"rating\": 2892, \"diff\": 0, \"country_code\": \"RO\", \"country\": \"Romania\", \"institution\": \"Google Switzerland\", \"institution_type\": \"Organization\", \"all_rating\": \"2892\", \"user_gender\": \"Male\" },\n        { \"name\": \"Kim Song Bok\", \"username\": \"rns5\", \"global_rank\": 12, \"country_rank\": 5, \"rating\": 2879, \"diff\": 0, \"country_code\": \"KP\", \"country\": \"North Korea\", \"institution\": \"Kim Il-sung University\", \"institution_type\": \"College\", \"all_rating\": \"2879\", \"user_gender\": \"Male\" },\n        { \"name\": \"Belykh Evgenii\", \"username\": \"white2302\", \"global_rank\": 12, \"country_rank\": 2, \"rating\": 2879, \"diff\": 0, \"country_code\": \"RU\", \"country\": \"Russia\", \"institution\": \"Moscow Institute of Physics and Technology\", \"institution_type\": \"College\", \"all_rating\": \"2879\", \"user_gender\": \"Male\" },\n        { \"name\": \"Carsten Eilks\", \"username\": \"ceilks\", \"global_rank\": 14, \"country_rank\": 1, \"rating\": 2855, \"diff\": 0, \"country_code\": \"DE\", \"country\": \"Germany\", \"institution\": \"FernUniversit\\u00e4t Hagen\", \"institution_type\": \"College\", \"all_rating\": \"2855\", \"user_gender\": \"Male\" },\n        { \"name\": \"Alexey Zayakin\", \"username\": \"alex_2oo8\", \"global_rank\": 15, \"country_rank\": 1, \"rating\": 2843, \"diff\": 0, \"country_code\": \"LV\", \"country\": \"Latvia\", \"institution\": \"whiteCryption\", \"institution_type\": \"Organization\", \"all_rating\": \"2843\", \"user_gender\": \"Male\" },\n        { \"name\": \"Yahor\", \"username\": \"progmatic\", \"global_rank\": 16, \"country_rank\": 2, \"rating\": 2833, \"diff\": 0, \"country_code\": \"BY\", \"country\": \"Belarus\", \"institution\": \"Belarusian State University\", \"institution_type\": \"College\", \"all_rating\": \"2833\", \"user_gender\": \"Male\" },\n        { \"name\": \"SoMin Mun\", \"username\": \"msm1993\", \"global_rank\": 17, \"country_rank\": 6, \"rating\": 2803, \"diff\": 0, \"country_code\": \"KP\", \"country\": \"North Korea\", \"institution\": \"Kim Chaek University of Technology\", \"institution_type\": \"College\", \"all_rating\": \"2803\", \"user_gender\": \"Male\" },\n        { \"name\": \"hh_algos\", \"username\": \"hh_algos\", \"global_rank\": 18, \"country_rank\": 1, \"rating\": 2800, \"diff\": 0, \"country_code\": \"US\", \"country\": \"United States\", \"institution\": null, \"institution_type\": null, \"all_rating\": \"2800\", \"user_gender\": \"Other\" },\n        { \"name\": \"Jakub Tarnawski\", \"username\": \"dj3500\", \"global_rank\": 19, \"country_rank\": 0, \"rating\": 2780, \"diff\": 0, \"country_code\": \"\", \"country\": \"\", \"institution\": \"\\u00c9cole polytechnique f\\u00e9d\\u00e9rale de Lausanne\", \"institution_type\": \"College\", \"all_rating\": \"2780\", \"user_gender\": \"Other\" },\n        { \"name\": \"Mikhail Ipatov\", \"username\": \"lhic\", \"global_rank\": 20, \"country_rank\": 3, \"rating\": 2772, \"diff\": 0, \"country_code\": \"RU\", \"country\": \"Russia\", \"institution\": \"Lomonosov Moscow State University\", \"institution_type\": \"College\", \"all_rating\": \"2772\", \"user_gender\": \"Male\" },\n        { \"name\": \"G&ouml;rre M&ouml;rre\", \"username\": \"gorre_morre\", \"global_rank\": 21, \"country_rank\": 1, \"rating\": 2767, \"diff\": 0, \"country_code\": \"SE\", \"country\": \"Sweden\", \"institution\": \"Chalmers University of Technology, Gothenburg\", \"institution_type\": \"College\", \"all_rating\": \"2767\", \"user_gender\": \"Male\" },\n        { \"name\": \"Ildar Gainullin\", \"username\": \"gainullinildar\", \"global_rank\": 21, \"country_rank\": 2, \"rating\": 2767, \"diff\": 0, \"country_code\": \"CA\", \"country\": \"Canada\", \"institution\": \"University of Waterloo\", \"institution_type\": \"College\", \"all_rating\": \"2767\", \"user_gender\": \"Male\" },\n        { \"name\": \"icecuber\", \"username\": \"icecuber\", \"global_rank\": 23, \"country_rank\": 1, \"rating\": 2754, \"diff\": 0, \"country_code\": \"NO\", \"country\": \"Norway\", \"institution\": null, \"institution_type\": null, \"all_rating\": \"2754\", \"user_gender\": \"Male\" },\n        { \"name\": \"Daniel Chiu\", \"username\": \"waterfalls\", \"global_rank\": 24, \"country_rank\": 2, \"rating\": 2753, \"diff\": 0, \"country_code\": \"US\", \"country\": \"United States\", \"institution\": \"Catlin Gabel School\", \"institution_type\": \"School\", \"all_rating\": \"2753\", \"user_gender\": \"Male\" },\n        { \"name\": \"xtq\", \"username\": \"he_____he\", \"global_rank\": 25, \"country_rank\": 0, \"rating\": 2748, \"diff\": 0, \"country_code\": \"\", \"country\": \"\", \"institution\": \"High School Affiliated to Renmin University Of China\", \"institution_type\": \"School\", \"all_rating\": \"2748\", \"user_gender\": \"Male\" },\n        { \"name\": \"Anton &Auml;lgmyr\", \"username\": \"algmyr\", \"global_rank\": 26, \"country_rank\": 0, \"rating\": 2725, \"diff\": 0, \"country_code\": \"\", \"country\": \"\", \"institution\": \"Chalmers University of Technology, Gothenburg\", \"institution_type\": \"College\", \"all_rating\": \"2725\", \"user_gender\": \"Male\" },\n        { \"name\": \"ccz\", \"username\": \"ccz181078\", \"global_rank\": 27, \"country_rank\": 2, \"rating\": 2722, \"diff\": 0, \"country_code\": \"CN\", \"country\": \"China\", \"institution\": \"Tsinghua University\", \"institution_type\": \"College\", \"all_rating\": \"2722\", \"user_gender\": \"Male\" },\n    ])\n})",
              "err": {},
              "uuid": "0d7bf1f3-64a4-4134-afca-25901ecc6524",
              "parentUUID": "c61ccf60-a8c0-4a54-9976-8d11fa475301",
              "isHook": false,
              "skipped": false
            },
            {
              "title": "When some invalid value is passed for offset then the returned data should be according to the limit (20 when limit is not defined) and offset value 0 should be considered.",
              "fullTitle": "Testing response of the server when either or both parameters are passed  When some invalid value is passed for offset then the returned data should be according to the limit (20 when limit is not defined) and offset value 0 should be considered.",
              "timedOut": false,
              "duration": 3,
              "state": "passed",
              "speed": "fast",
              "pass": true,
              "fail": false,
              "pending": false,
              "context": null,
              "code": "await chai.request('http://localhost:8080').get('/topRankings?limit=2&offset=jhn').then(e => {\n    expect(e.body).to.deep.equals([\n        { \"name\": \"Gennady Korotkevich\", \"username\": \"gennady.korotkevich\", \"global_rank\": 1, \"country_rank\": 1, \"rating\": 3923, \"diff\": 0, \"country_code\": \"BY\", \"country\": \"Belarus\", \"institution\": \"Saint Petersburg National Research University of Information Technologies, Mechanics and Optics\", \"institution_type\": \"College\", \"all_rating\": \"3923\", \"user_gender\": \"Male\" },\n        { \"name\": \"Mun.HakMyong\", \"username\": \"rns4\", \"global_rank\": 2, \"country_rank\": 1, \"rating\": 3061, \"diff\": 0, \"country_code\": \"KP\", \"country\": \"North Korea\", \"institution\": \"Kim Il-sung University\", \"institution_type\": \"College\", \"all_rating\": \"3061\", \"user_gender\": \"Male\" }\n    ])\n})",
              "err": {},
              "uuid": "31f06afa-607c-4538-abf8-5f5b2394a64d",
              "parentUUID": "c61ccf60-a8c0-4a54-9976-8d11fa475301",
              "isHook": false,
              "skipped": false
            },
            {
              "title": "When only offset parameter is define server should return 20(default) records with proper offset from first record",
              "fullTitle": "Testing response of the server when either or both parameters are passed  When only offset parameter is define server should return 20(default) records with proper offset from first record",
              "timedOut": false,
              "duration": 7,
              "state": "passed",
              "speed": "fast",
              "pass": true,
              "fail": false,
              "pending": false,
              "context": null,
              "code": "await chai.request('http://localhost:8080').get('/topRankings?offset=9').then(e => {\n    expect(e.body.length).to.eq(20)\n    expect(e.body).to.deep.equals([\n        { \"name\": \"BaekI Hwang\", \"username\": \"kut_hbi1998\", \"global_rank\": 10, \"country_rank\": 4, \"rating\": 2894, \"diff\": 0, \"country_code\": \"KP\", \"country\": \"North Korea\", \"institution\": \"Kim Chaek University of Technology\", \"institution_type\": \"College\", \"all_rating\": \"2894\", \"user_gender\": \"Male\" },\n        { \"name\": \"Mugurel-Ionut Andreica\", \"username\": \"mugurelionut\", \"global_rank\": 11, \"country_rank\": 1, \"rating\": 2892, \"diff\": 0, \"country_code\": \"RO\", \"country\": \"Romania\", \"institution\": \"Google Switzerland\", \"institution_type\": \"Organization\", \"all_rating\": \"2892\", \"user_gender\": \"Male\" },\n        { \"name\": \"Kim Song Bok\", \"username\": \"rns5\", \"global_rank\": 12, \"country_rank\": 5, \"rating\": 2879, \"diff\": 0, \"country_code\": \"KP\", \"country\": \"North Korea\", \"institution\": \"Kim Il-sung University\", \"institution_type\": \"College\", \"all_rating\": \"2879\", \"user_gender\": \"Male\" },\n        { \"name\": \"Belykh Evgenii\", \"username\": \"white2302\", \"global_rank\": 12, \"country_rank\": 2, \"rating\": 2879, \"diff\": 0, \"country_code\": \"RU\", \"country\": \"Russia\", \"institution\": \"Moscow Institute of Physics and Technology\", \"institution_type\": \"College\", \"all_rating\": \"2879\", \"user_gender\": \"Male\" },\n        { \"name\": \"Carsten Eilks\", \"username\": \"ceilks\", \"global_rank\": 14, \"country_rank\": 1, \"rating\": 2855, \"diff\": 0, \"country_code\": \"DE\", \"country\": \"Germany\", \"institution\": \"FernUniversit\\u00e4t Hagen\", \"institution_type\": \"College\", \"all_rating\": \"2855\", \"user_gender\": \"Male\" },\n        { \"name\": \"Alexey Zayakin\", \"username\": \"alex_2oo8\", \"global_rank\": 15, \"country_rank\": 1, \"rating\": 2843, \"diff\": 0, \"country_code\": \"LV\", \"country\": \"Latvia\", \"institution\": \"whiteCryption\", \"institution_type\": \"Organization\", \"all_rating\": \"2843\", \"user_gender\": \"Male\" },\n        { \"name\": \"Yahor\", \"username\": \"progmatic\", \"global_rank\": 16, \"country_rank\": 2, \"rating\": 2833, \"diff\": 0, \"country_code\": \"BY\", \"country\": \"Belarus\", \"institution\": \"Belarusian State University\", \"institution_type\": \"College\", \"all_rating\": \"2833\", \"user_gender\": \"Male\" },\n        { \"name\": \"SoMin Mun\", \"username\": \"msm1993\", \"global_rank\": 17, \"country_rank\": 6, \"rating\": 2803, \"diff\": 0, \"country_code\": \"KP\", \"country\": \"North Korea\", \"institution\": \"Kim Chaek University of Technology\", \"institution_type\": \"College\", \"all_rating\": \"2803\", \"user_gender\": \"Male\" },\n        { \"name\": \"hh_algos\", \"username\": \"hh_algos\", \"global_rank\": 18, \"country_rank\": 1, \"rating\": 2800, \"diff\": 0, \"country_code\": \"US\", \"country\": \"United States\", \"institution\": null, \"institution_type\": null, \"all_rating\": \"2800\", \"user_gender\": \"Other\" },\n        { \"name\": \"Jakub Tarnawski\", \"username\": \"dj3500\", \"global_rank\": 19, \"country_rank\": 0, \"rating\": 2780, \"diff\": 0, \"country_code\": \"\", \"country\": \"\", \"institution\": \"\\u00c9cole polytechnique f\\u00e9d\\u00e9rale de Lausanne\", \"institution_type\": \"College\", \"all_rating\": \"2780\", \"user_gender\": \"Other\" },\n        { \"name\": \"Mikhail Ipatov\", \"username\": \"lhic\", \"global_rank\": 20, \"country_rank\": 3, \"rating\": 2772, \"diff\": 0, \"country_code\": \"RU\", \"country\": \"Russia\", \"institution\": \"Lomonosov Moscow State University\", \"institution_type\": \"College\", \"all_rating\": \"2772\", \"user_gender\": \"Male\" },\n        { \"name\": \"G&ouml;rre M&ouml;rre\", \"username\": \"gorre_morre\", \"global_rank\": 21, \"country_rank\": 1, \"rating\": 2767, \"diff\": 0, \"country_code\": \"SE\", \"country\": \"Sweden\", \"institution\": \"Chalmers University of Technology, Gothenburg\", \"institution_type\": \"College\", \"all_rating\": \"2767\", \"user_gender\": \"Male\" },\n        { \"name\": \"Ildar Gainullin\", \"username\": \"gainullinildar\", \"global_rank\": 21, \"country_rank\": 2, \"rating\": 2767, \"diff\": 0, \"country_code\": \"CA\", \"country\": \"Canada\", \"institution\": \"University of Waterloo\", \"institution_type\": \"College\", \"all_rating\": \"2767\", \"user_gender\": \"Male\" },\n        { \"name\": \"icecuber\", \"username\": \"icecuber\", \"global_rank\": 23, \"country_rank\": 1, \"rating\": 2754, \"diff\": 0, \"country_code\": \"NO\", \"country\": \"Norway\", \"institution\": null, \"institution_type\": null, \"all_rating\": \"2754\", \"user_gender\": \"Male\" },\n        { \"name\": \"Daniel Chiu\", \"username\": \"waterfalls\", \"global_rank\": 24, \"country_rank\": 2, \"rating\": 2753, \"diff\": 0, \"country_code\": \"US\", \"country\": \"United States\", \"institution\": \"Catlin Gabel School\", \"institution_type\": \"School\", \"all_rating\": \"2753\", \"user_gender\": \"Male\" },\n        { \"name\": \"xtq\", \"username\": \"he_____he\", \"global_rank\": 25, \"country_rank\": 0, \"rating\": 2748, \"diff\": 0, \"country_code\": \"\", \"country\": \"\", \"institution\": \"High School Affiliated to Renmin University Of China\", \"institution_type\": \"School\", \"all_rating\": \"2748\", \"user_gender\": \"Male\" },\n        { \"name\": \"Anton &Auml;lgmyr\", \"username\": \"algmyr\", \"global_rank\": 26, \"country_rank\": 0, \"rating\": 2725, \"diff\": 0, \"country_code\": \"\", \"country\": \"\", \"institution\": \"Chalmers University of Technology, Gothenburg\", \"institution_type\": \"College\", \"all_rating\": \"2725\", \"user_gender\": \"Male\" },\n        { \"name\": \"ccz\", \"username\": \"ccz181078\", \"global_rank\": 27, \"country_rank\": 2, \"rating\": 2722, \"diff\": 0, \"country_code\": \"CN\", \"country\": \"China\", \"institution\": \"Tsinghua University\", \"institution_type\": \"College\", \"all_rating\": \"2722\", \"user_gender\": \"Male\" },\n        { \"name\": \"Wiwit Rifa&#039;i\", \"username\": \"iafir\", \"global_rank\": 27, \"country_rank\": 1, \"rating\": 2722, \"diff\": 0, \"country_code\": \"ID\", \"country\": \"Indonesia\", \"institution\": \"Institut Teknologi Bandung\", \"institution_type\": \"College\", \"all_rating\": \"2722\", \"user_gender\": \"Male\" },\n        { \"name\": \"Dmytro Ihnatenko\", \"username\": \"Fdg\", \"global_rank\": 29, \"country_rank\": 1, \"rating\": 2718, \"diff\": 0, \"country_code\": \"UA\", \"country\": \"Ukraine\", \"institution\": \"Google\", \"institution_type\": \"Organization\", \"all_rating\": \"2718\", \"user_gender\": \"Male\" }\n    ])\n})",
              "err": {},
              "uuid": "119115ed-1264-4ee9-a87e-21336300279f",
              "parentUUID": "c61ccf60-a8c0-4a54-9976-8d11fa475301",
              "isHook": false,
              "skipped": false
            },
            {
              "title": "When only limit parameter is define server should take default value for offset",
              "fullTitle": "Testing response of the server when either or both parameters are passed  When only limit parameter is define server should take default value for offset",
              "timedOut": false,
              "duration": 4,
              "state": "passed",
              "speed": "fast",
              "pass": true,
              "fail": false,
              "pending": false,
              "context": null,
              "code": "await chai.request('http://localhost:8080').get('/topRankings?limit=9').then(e => {\n    expect(e.body.length).to.eq(9)\n    expect(e.body).to.deep.equals([\n        { \"name\": \"Gennady Korotkevich\", \"username\": \"gennady.korotkevich\", \"global_rank\": 1, \"country_rank\": 1, \"rating\": 3923, \"diff\": 0, \"country_code\": \"BY\", \"country\": \"Belarus\", \"institution\": \"Saint Petersburg National Research University of Information Technologies, Mechanics and Optics\", \"institution_type\": \"College\", \"all_rating\": \"3923\", \"user_gender\": \"Male\" },\n        { \"name\": \"Mun.HakMyong\", \"username\": \"rns4\", \"global_rank\": 2, \"country_rank\": 1, \"rating\": 3061, \"diff\": 0, \"country_code\": \"KP\", \"country\": \"North Korea\", \"institution\": \"Kim Il-sung University\", \"institution_type\": \"College\", \"all_rating\": \"3061\", \"user_gender\": \"Male\" },\n        { \"name\": \"Kang\", \"username\": \"kut_hgs1997\", \"global_rank\": 2, \"country_rank\": 1, \"rating\": 3061, \"diff\": 0, \"country_code\": \"KP\", \"country\": \"North Korea\", \"institution\": \"Kim Chaek University of Technology\", \"institution_type\": \"College\", \"all_rating\": \"3061\", \"user_gender\": \"Male\" },\n        { \"name\": \"SongChol Ryu\", \"username\": \"kutengine\", \"global_rank\": 4, \"country_rank\": 3, \"rating\": 3046, \"diff\": 0, \"country_code\": \"KP\", \"country\": \"North Korea\", \"institution\": \"Kim Chaek University of Technology\", \"institution_type\": \"College\", \"all_rating\": \"3046\", \"user_gender\": \"Other\" },\n        { \"name\": \"Tiancheng Lou\", \"username\": \"ACRush\", \"global_rank\": 5, \"country_rank\": 1, \"rating\": 3037, \"diff\": 0, \"country_code\": \"CN\", \"country\": \"China\", \"institution\": \"PonyAI\", \"institution_type\": \"Organization\", \"all_rating\": \"3037\", \"user_gender\": \"Male\" },\n        { \"name\": \"Kevin Sun\", \"username\": \"ksun48\", \"global_rank\": 6, \"country_rank\": 1, \"rating\": 2987, \"diff\": 0, \"country_code\": \"CA\", \"country\": \"Canada\", \"institution\": \"Massachusetts Institute of Technology\", \"institution_type\": \"College\", \"all_rating\": \"2987\", \"user_gender\": \"Male\" },\n        { \"name\": \"Peterson\", \"username\": \"peehs_moorhsum\", \"global_rank\": 7, \"country_rank\": 0, \"rating\": 2936, \"diff\": 0, \"country_code\": \"\", \"country\": \"\", \"institution\": \"High School Affiliated to Renmin University Of China\", \"institution_type\": \"School\", \"all_rating\": \"2936\", \"user_gender\": \"Male\" },\n        { \"name\": \"Alex Danilyuk\", \"username\": \"um_nik\", \"global_rank\": 8, \"country_rank\": 1, \"rating\": 2929, \"diff\": 0, \"country_code\": \"RU\", \"country\": \"Russia\", \"institution\": \"Ural Federal University\", \"institution_type\": \"College\", \"all_rating\": \"2929\", \"user_gender\": \"Male\" },\n        { \"name\": \"William Lin\", \"username\": \"tmwilliamlin\", \"global_rank\": 9, \"country_rank\": 1, \"rating\": 2916, \"diff\": 0, \"country_code\": \"TW\", \"country\": \"Taiwan\", \"institution\": \"Taipei American School, Taipei\", \"institution_type\": \"School\", \"all_rating\": \"2916\", \"user_gender\": \"Male\" }\n    ])\n})",
              "err": {},
              "uuid": "d2790b8f-d56c-41b5-a31f-238a2f3dcb73",
              "parentUUID": "c61ccf60-a8c0-4a54-9976-8d11fa475301",
              "isHook": false,
              "skipped": false
            }
          ],
          "suites": [],
          "passes": [
            "766c12b9-3440-4453-b08a-dce59bccdccf",
            "ca8eaab5-7cb6-4c46-9c0b-e25a35b22f9c",
            "d5018da9-9896-48f1-8d3a-954cd72cbbb2",
            "0d7bf1f3-64a4-4134-afca-25901ecc6524",
            "31f06afa-607c-4538-abf8-5f5b2394a64d",
            "119115ed-1264-4ee9-a87e-21336300279f",
            "d2790b8f-d56c-41b5-a31f-238a2f3dcb73"
          ],
          "failures": [],
          "pending": [],
          "skipped": [],
          "duration": 35,
          "root": false,
          "rootEmpty": false,
          "_timeout": 60000
        }
      ],
      "passes": [],
      "failures": [],
      "pending": [],
      "skipped": [],
      "duration": 0,
      "root": true,
      "rootEmpty": true,
      "_timeout": 60000
    }
  ],
  "meta": {
    "mocha": {
      "version": "8.2.1"
    },
    "mochawesome": {
      "options": {
        "quiet": false,
        "reportFilename": "mochawesome",
        "saveHtml": true,
        "saveJson": true,
        "consoleReporter": "spec",
        "useInlineDiffs": false,
        "code": true
      },
      "version": "6.1.1"
    },
    "marge": {
      "options": null,
      "version": "5.1.0"
    }
  }
}